Performing C++ SOURCE FILE Test CMAKE_HAVE_LIBC_PTHREAD failed with the following output:
Change Dir: /home/michaldunda/Projects/ownProjects/C++/firstPattern/build/CMakeFiles/CMakeTmp

Run Build Command(s):/usr/bin/make cmTC_3bf01/fast && /usr/bin/make  -f CMakeFiles/cmTC_3bf01.dir/build.make CMakeFiles/cmTC_3bf01.dir/build
make[1]: Entering directory '/home/michaldunda/Projects/ownProjects/C++/firstPattern/build/CMakeFiles/CMakeTmp'
Building CXX object CMakeFiles/cmTC_3bf01.dir/src.cxx.o
/usr/lib/ccache/g++    -DCMAKE_HAVE_LIBC_PTHREAD   -o CMakeFiles/cmTC_3bf01.dir/src.cxx.o -c /home/michaldunda/Projects/ownProjects/C++/firstPattern/build/CMakeFiles/CMakeTmp/src.cxx
Linking CXX executable cmTC_3bf01
/usr/local/lib/python3.6/dist-packages/cmake/data/bin/cmake -E cmake_link_script CMakeFiles/cmTC_3bf01.dir/link.txt --verbose=1
/usr/lib/ccache/g++   -DCMAKE_HAVE_LIBC_PTHREAD    CMakeFiles/cmTC_3bf01.dir/src.cxx.o  -o cmTC_3bf01 
CMakeFiles/cmTC_3bf01.dir/src.cxx.o: In function `main':
src.cxx:(.text+0x3e): undefined reference to `pthread_create'
src.cxx:(.text+0x4a): undefined reference to `pthread_detach'
src.cxx:(.text+0x5b): undefined reference to `pthread_join'
src.cxx:(.text+0x6f): undefined reference to `pthread_atfork'
collect2: error: ld returned 1 exit status
distcc[17526] ERROR: compile (null) on localhost failed
CMakeFiles/cmTC_3bf01.dir/build.make:89: recipe for target 'cmTC_3bf01' failed
make[1]: *** [cmTC_3bf01] Error 1
make[1]: Leaving directory '/home/michaldunda/Projects/ownProjects/C++/firstPattern/build/CMakeFiles/CMakeTmp'
Makefile:124: recipe for target 'cmTC_3bf01/fast' failed
make: *** [cmTC_3bf01/fast] Error 2


Source file was:
#include <pthread.h>

void* test_func(void* data)
{
  return data;
}

int main(void)
{
  pthread_t thread;
  pthread_create(&thread, NULL, test_func, NULL);
  pthread_detach(thread);
  pthread_join(thread, NULL);
  pthread_atfork(NULL, NULL, NULL);
  pthread_exit(NULL);

  return 0;
}

Determining if the function pthread_create exists in the pthreads failed with the following output:
Change Dir: /home/michaldunda/Projects/ownProjects/C++/firstPattern/build/CMakeFiles/CMakeTmp

Run Build Command(s):/usr/bin/make cmTC_4ef7e/fast && /usr/bin/make  -f CMakeFiles/cmTC_4ef7e.dir/build.make CMakeFiles/cmTC_4ef7e.dir/build
make[1]: Entering directory '/home/michaldunda/Projects/ownProjects/C++/firstPattern/build/CMakeFiles/CMakeTmp'
Building CXX object CMakeFiles/cmTC_4ef7e.dir/CheckFunctionExists.cxx.o
/usr/lib/ccache/g++    -DCHECK_FUNCTION_EXISTS=pthread_create   -o CMakeFiles/cmTC_4ef7e.dir/CheckFunctionExists.cxx.o -c /home/michaldunda/Projects/ownProjects/C++/firstPattern/build/CMakeFiles/CheckLibraryExists/CheckFunctionExists.cxx
Linking CXX executable cmTC_4ef7e
/usr/local/lib/python3.6/dist-packages/cmake/data/bin/cmake -E cmake_link_script CMakeFiles/cmTC_4ef7e.dir/link.txt --verbose=1
/usr/lib/ccache/g++   -DCHECK_FUNCTION_EXISTS=pthread_create    CMakeFiles/cmTC_4ef7e.dir/CheckFunctionExists.cxx.o  -o cmTC_4ef7e  -lpthreads 
/usr/bin/ld: cannot find -lpthreads
collect2: error: ld returned 1 exit status
distcc[17543] ERROR: compile (null) on localhost failed
CMakeFiles/cmTC_4ef7e.dir/build.make:89: recipe for target 'cmTC_4ef7e' failed
make[1]: *** [cmTC_4ef7e] Error 1
make[1]: Leaving directory '/home/michaldunda/Projects/ownProjects/C++/firstPattern/build/CMakeFiles/CMakeTmp'
Makefile:124: recipe for target 'cmTC_4ef7e/fast' failed
make: *** [cmTC_4ef7e/fast] Error 2



