The system is: Linux - 5.4.0-90-generic - x86_64
Compiling the CXX compiler identification source file "CMakeCXXCompilerId.cpp" succeeded.
Compiler: /usr/lib/ccache/g++ 
Build flags: 
Id flags:  

The output was:
0


Compilation of the CXX compiler identification source "CMakeCXXCompilerId.cpp" produced "a.out"

The CXX compiler identification is GNU, found in "/home/michaldunda/Projects/ownProjects/C++/firstPattern/build/CMakeFiles/3.16.6/CompilerIdCXX/a.out"

Determining if the CXX compiler works passed with the following output:
Change Dir: /home/michaldunda/Projects/ownProjects/C++/firstPattern/build/CMakeFiles/CMakeTmp

Run Build Command(s):/usr/bin/make cmTC_f1dc4/fast && /usr/bin/make  -f CMakeFiles/cmTC_f1dc4.dir/build.make CMakeFiles/cmTC_f1dc4.dir/build
make[1]: Entering directory '/home/michaldunda/Projects/ownProjects/C++/firstPattern/build/CMakeFiles/CMakeTmp'
Building CXX object CMakeFiles/cmTC_f1dc4.dir/testCXXCompiler.cxx.o
/usr/lib/ccache/g++     -o CMakeFiles/cmTC_f1dc4.dir/testCXXCompiler.cxx.o -c /home/michaldunda/Projects/ownProjects/C++/firstPattern/build/CMakeFiles/CMakeTmp/testCXXCompiler.cxx
Linking CXX executable cmTC_f1dc4
/usr/local/lib/python3.6/dist-packages/cmake/data/bin/cmake -E cmake_link_script CMakeFiles/cmTC_f1dc4.dir/link.txt --verbose=1
/usr/lib/ccache/g++       CMakeFiles/cmTC_f1dc4.dir/testCXXCompiler.cxx.o  -o cmTC_f1dc4 
make[1]: Leaving directory '/home/michaldunda/Projects/ownProjects/C++/firstPattern/build/CMakeFiles/CMakeTmp'



Detecting CXX compiler ABI info compiled with the following output:
Change Dir: /home/michaldunda/Projects/ownProjects/C++/firstPattern/build/CMakeFiles/CMakeTmp

Run Build Command(s):/usr/bin/make cmTC_27e27/fast && /usr/bin/make  -f CMakeFiles/cmTC_27e27.dir/build.make CMakeFiles/cmTC_27e27.dir/build
make[1]: Entering directory '/home/michaldunda/Projects/ownProjects/C++/firstPattern/build/CMakeFiles/CMakeTmp'
Building CXX object CMakeFiles/cmTC_27e27.dir/CMakeCXXCompilerABI.cpp.o
/usr/lib/ccache/g++    -v -o CMakeFiles/cmTC_27e27.dir/CMakeCXXCompilerABI.cpp.o -c /usr/local/lib/python3.6/dist-packages/cmake/data/share/cmake-3.16/Modules/CMakeCXXCompilerABI.cpp
Using built-in specs.
COLLECT_GCC=/usr/bin/g++
Target: x86_64-linux-gnu
Configured with: ./configure -v --build=x86_64-linux-gnu --host=x86_64-linux-gnu --target=x86_64-linux-gnu --prefix=/opt/inst/gcc-7.4 --enable-checking=release --enable-languages=c,c++ --disable-multilib --program-suffix=-7.4
Thread model: posix
gcc version 7.4.0 (GCC) 
COLLECT_GCC_OPTIONS='-v' '-E' '-shared-libgcc' '-mtune=generic' '-march=x86-64'
 /opt/inst/gcc-7.4/libexec/gcc/x86_64-linux-gnu/7.4.0/cc1plus -E -quiet -v -imultiarch x86_64-linux-gnu -D_GNU_SOURCE /usr/local/lib/python3.6/dist-packages/cmake/data/share/cmake-3.16/Modules/CMakeCXXCompilerABI.cpp -mtune=generic -march=x86-64
ignoring nonexistent directory "/usr/local/include/x86_64-linux-gnu"
ignoring nonexistent directory "/opt/inst/gcc-7.4/lib/gcc/x86_64-linux-gnu/7.4.0/../../../../x86_64-linux-gnu/include"
#include "..." search starts here:
#include <...> search starts here:
 /opt/inst/gcc-7.4/lib/gcc/x86_64-linux-gnu/7.4.0/../../../../include/c++/7.4.0
 /opt/inst/gcc-7.4/lib/gcc/x86_64-linux-gnu/7.4.0/../../../../include/c++/7.4.0/x86_64-linux-gnu
 /opt/inst/gcc-7.4/lib/gcc/x86_64-linux-gnu/7.4.0/../../../../include/c++/7.4.0/backward
 /opt/inst/gcc-7.4/lib/gcc/x86_64-linux-gnu/7.4.0/include
 /usr/local/include
 /opt/inst/gcc-7.4/include
 /opt/inst/gcc-7.4/lib/gcc/x86_64-linux-gnu/7.4.0/include-fixed
 /usr/include/x86_64-linux-gnu
 /usr/include
End of search list.
COMPILER_PATH=/opt/inst/gcc-7.4/libexec/gcc/x86_64-linux-gnu/7.4.0/:/opt/inst/gcc-7.4/libexec/gcc/x86_64-linux-gnu/7.4.0/:/opt/inst/gcc-7.4/libexec/gcc/x86_64-linux-gnu/:/opt/inst/gcc-7.4/lib/gcc/x86_64-linux-gnu/7.4.0/:/opt/inst/gcc-7.4/lib/gcc/x86_64-linux-gnu/
LIBRARY_PATH=/opt/inst/gcc-7.4/lib/gcc/x86_64-linux-gnu/7.4.0/:/opt/inst/gcc-7.4/lib/gcc/x86_64-linux-gnu/7.4.0/../../../../lib64/:/lib/x86_64-linux-gnu/:/lib/../lib64/:/usr/lib/x86_64-linux-gnu/:/opt/inst/gcc-7.4/lib/gcc/x86_64-linux-gnu/7.4.0/../../../:/lib/:/usr/lib/
COLLECT_GCC_OPTIONS='-v' '-E' '-shared-libgcc' '-mtune=generic' '-march=x86-64'
Using built-in specs.
COLLECT_GCC=/usr/bin/g++
Target: x86_64-linux-gnu
Configured with: ./configure -v --build=x86_64-linux-gnu --host=x86_64-linux-gnu --target=x86_64-linux-gnu --prefix=/opt/inst/gcc-7.4 --enable-checking=release --enable-languages=c,c++ --disable-multilib --program-suffix=-7.4
Thread model: posix
gcc version 7.4.0 (GCC) 
COLLECT_GCC_OPTIONS='-v' '-c' '-o' 'CMakeFiles/cmTC_4baf0.dir/CMakeCXXCompilerABI.cpp.o' '-shared-libgcc' '-mtune=generic' '-march=x86-64'
 /opt/inst/gcc-7.4/libexec/gcc/x86_64-linux-gnu/7.4.0/cc1plus -quiet -v -imultiarch x86_64-linux-gnu -D_GNU_SOURCE /usr/local/lib/python3.6/dist-packages/cmake/data/share/cmake-3.16/Modules/CMakeCXXCompilerABI.cpp -quiet -dumpbase CMakeCXXCompilerABI.cpp -mtune=generic -march=x86-64 -auxbase-strip CMakeFiles/cmTC_4baf0.dir/CMakeCXXCompilerABI.cpp.o -version -o /tmp/ccF1oo8V.s
GNU C++14 (GCC) version 7.4.0 (x86_64-linux-gnu)
	compiled by GNU C version 7.4.0, GMP version 6.1.0, MPFR version 3.1.4, MPC version 1.0.3, isl version isl-0.16.1-GMP

GGC heuristics: --param ggc-min-expand=100 --param ggc-min-heapsize=131072
ignoring nonexistent directory "/usr/local/include/x86_64-linux-gnu"
ignoring nonexistent directory "/opt/inst/gcc-7.4/lib/gcc/x86_64-linux-gnu/7.4.0/../../../../x86_64-linux-gnu/include"
#include "..." search starts here:
#include <...> search starts here:
 /opt/inst/gcc-7.4/lib/gcc/x86_64-linux-gnu/7.4.0/../../../../include/c++/7.4.0
 /opt/inst/gcc-7.4/lib/gcc/x86_64-linux-gnu/7.4.0/../../../../include/c++/7.4.0/x86_64-linux-gnu
 /opt/inst/gcc-7.4/lib/gcc/x86_64-linux-gnu/7.4.0/../../../../include/c++/7.4.0/backward
 /opt/inst/gcc-7.4/lib/gcc/x86_64-linux-gnu/7.4.0/include
 /usr/local/include
 /opt/inst/gcc-7.4/include
 /opt/inst/gcc-7.4/lib/gcc/x86_64-linux-gnu/7.4.0/include-fixed
 /usr/include/x86_64-linux-gnu
 /usr/include
End of search list.
GNU C++14 (GCC) version 7.4.0 (x86_64-linux-gnu)
	compiled by GNU C version 7.4.0, GMP version 6.1.0, MPFR version 3.1.4, MPC version 1.0.3, isl version isl-0.16.1-GMP

GGC heuristics: --param ggc-min-expand=100 --param ggc-min-heapsize=131072
Compiler executable checksum: 6bbf73d3036d508657608bef2562bb1c
COLLECT_GCC_OPTIONS='-v' '-c' '-o' 'CMakeFiles/cmTC_4baf0.dir/CMakeCXXCompilerABI.cpp.o' '-shared-libgcc' '-mtune=generic' '-march=x86-64'
 as -v --64 -o CMakeFiles/cmTC_4baf0.dir/CMakeCXXCompilerABI.cpp.o /tmp/ccF1oo8V.s
GNU assembler version 2.30 (x86_64-linux-gnu) using BFD version (GNU Binutils for Ubuntu) 2.30
COMPILER_PATH=/opt/inst/gcc-7.4/libexec/gcc/x86_64-linux-gnu/7.4.0/:/opt/inst/gcc-7.4/libexec/gcc/x86_64-linux-gnu/7.4.0/:/opt/inst/gcc-7.4/libexec/gcc/x86_64-linux-gnu/:/opt/inst/gcc-7.4/lib/gcc/x86_64-linux-gnu/7.4.0/:/opt/inst/gcc-7.4/lib/gcc/x86_64-linux-gnu/
LIBRARY_PATH=/opt/inst/gcc-7.4/lib/gcc/x86_64-linux-gnu/7.4.0/:/opt/inst/gcc-7.4/lib/gcc/x86_64-linux-gnu/7.4.0/../../../../lib64/:/lib/x86_64-linux-gnu/:/lib/../lib64/:/usr/lib/x86_64-linux-gnu/:/opt/inst/gcc-7.4/lib/gcc/x86_64-linux-gnu/7.4.0/../../../:/lib/:/usr/lib/
COLLECT_GCC_OPTIONS='-v' '-c' '-o' 'CMakeFiles/cmTC_4baf0.dir/CMakeCXXCompilerABI.cpp.o' '-shared-libgcc' '-mtune=generic' '-march=x86-64'
Linking CXX executable cmTC_27e27
/usr/local/lib/python3.6/dist-packages/cmake/data/bin/cmake -E cmake_link_script CMakeFiles/cmTC_27e27.dir/link.txt --verbose=1
/usr/lib/ccache/g++      -v CMakeFiles/cmTC_27e27.dir/CMakeCXXCompilerABI.cpp.o  -o cmTC_27e27 
Using built-in specs.
COLLECT_GCC=/usr/bin/g++
COLLECT_LTO_WRAPPER=/opt/inst/gcc-7.4/libexec/gcc/x86_64-linux-gnu/7.4.0/lto-wrapper
Target: x86_64-linux-gnu
Configured with: ./configure -v --build=x86_64-linux-gnu --host=x86_64-linux-gnu --target=x86_64-linux-gnu --prefix=/opt/inst/gcc-7.4 --enable-checking=release --enable-languages=c,c++ --disable-multilib --program-suffix=-7.4
Thread model: posix
gcc version 7.4.0 (GCC) 
COMPILER_PATH=/opt/inst/gcc-7.4/libexec/gcc/x86_64-linux-gnu/7.4.0/:/opt/inst/gcc-7.4/libexec/gcc/x86_64-linux-gnu/7.4.0/:/opt/inst/gcc-7.4/libexec/gcc/x86_64-linux-gnu/:/opt/inst/gcc-7.4/lib/gcc/x86_64-linux-gnu/7.4.0/:/opt/inst/gcc-7.4/lib/gcc/x86_64-linux-gnu/
LIBRARY_PATH=/opt/inst/gcc-7.4/lib/gcc/x86_64-linux-gnu/7.4.0/:/opt/inst/gcc-7.4/lib/gcc/x86_64-linux-gnu/7.4.0/../../../../lib64/:/lib/x86_64-linux-gnu/:/lib/../lib64/:/usr/lib/x86_64-linux-gnu/:/opt/inst/gcc-7.4/lib/gcc/x86_64-linux-gnu/7.4.0/../../../:/lib/:/usr/lib/
COLLECT_GCC_OPTIONS='-v' '-o' 'cmTC_27e27' '-shared-libgcc' '-mtune=generic' '-march=x86-64'
 /opt/inst/gcc-7.4/libexec/gcc/x86_64-linux-gnu/7.4.0/collect2 -plugin /opt/inst/gcc-7.4/libexec/gcc/x86_64-linux-gnu/7.4.0/liblto_plugin.so -plugin-opt=/opt/inst/gcc-7.4/libexec/gcc/x86_64-linux-gnu/7.4.0/lto-wrapper -plugin-opt=-fresolution=/tmp/ccYzIdSr.res -plugin-opt=-pass-through=-lgcc_s -plugin-opt=-pass-through=-lgcc -plugin-opt=-pass-through=-lc -plugin-opt=-pass-through=-lgcc_s -plugin-opt=-pass-through=-lgcc --eh-frame-hdr -m elf_x86_64 -dynamic-linker /lib64/ld-linux-x86-64.so.2 -o cmTC_27e27 /usr/lib/x86_64-linux-gnu/crt1.o /usr/lib/x86_64-linux-gnu/crti.o /opt/inst/gcc-7.4/lib/gcc/x86_64-linux-gnu/7.4.0/crtbegin.o -L/opt/inst/gcc-7.4/lib/gcc/x86_64-linux-gnu/7.4.0 -L/opt/inst/gcc-7.4/lib/gcc/x86_64-linux-gnu/7.4.0/../../../../lib64 -L/lib/x86_64-linux-gnu -L/lib/../lib64 -L/usr/lib/x86_64-linux-gnu -L/opt/inst/gcc-7.4/lib/gcc/x86_64-linux-gnu/7.4.0/../../.. CMakeFiles/cmTC_27e27.dir/CMakeCXXCompilerABI.cpp.o -lstdc++ -lm -lgcc_s -lgcc -lc -lgcc_s -lgcc /opt/inst/gcc-7.4/lib/gcc/x86_64-linux-gnu/7.4.0/crtend.o /usr/lib/x86_64-linux-gnu/crtn.o
COLLECT_GCC_OPTIONS='-v' '-o' 'cmTC_27e27' '-shared-libgcc' '-mtune=generic' '-march=x86-64'
make[1]: Leaving directory '/home/michaldunda/Projects/ownProjects/C++/firstPattern/build/CMakeFiles/CMakeTmp'



Parsed CXX implicit include dir info from above output: rv=done
  found start of include info
  found start of implicit include info
    add: [/opt/inst/gcc-7.4/lib/gcc/x86_64-linux-gnu/7.4.0/../../../../include/c++/7.4.0]
    add: [/opt/inst/gcc-7.4/lib/gcc/x86_64-linux-gnu/7.4.0/../../../../include/c++/7.4.0/x86_64-linux-gnu]
    add: [/opt/inst/gcc-7.4/lib/gcc/x86_64-linux-gnu/7.4.0/../../../../include/c++/7.4.0/backward]
    add: [/opt/inst/gcc-7.4/lib/gcc/x86_64-linux-gnu/7.4.0/include]
    add: [/usr/local/include]
    add: [/opt/inst/gcc-7.4/include]
    add: [/opt/inst/gcc-7.4/lib/gcc/x86_64-linux-gnu/7.4.0/include-fixed]
    add: [/usr/include/x86_64-linux-gnu]
    add: [/usr/include]
  end of search list found
  collapse include dir [/opt/inst/gcc-7.4/lib/gcc/x86_64-linux-gnu/7.4.0/../../../../include/c++/7.4.0] ==> [/opt/inst/gcc-7.4/include/c++/7.4.0]
  collapse include dir [/opt/inst/gcc-7.4/lib/gcc/x86_64-linux-gnu/7.4.0/../../../../include/c++/7.4.0/x86_64-linux-gnu] ==> [/opt/inst/gcc-7.4/include/c++/7.4.0/x86_64-linux-gnu]
  collapse include dir [/opt/inst/gcc-7.4/lib/gcc/x86_64-linux-gnu/7.4.0/../../../../include/c++/7.4.0/backward] ==> [/opt/inst/gcc-7.4/include/c++/7.4.0/backward]
  collapse include dir [/opt/inst/gcc-7.4/lib/gcc/x86_64-linux-gnu/7.4.0/include] ==> [/opt/inst/gcc-7.4/lib/gcc/x86_64-linux-gnu/7.4.0/include]
  collapse include dir [/usr/local/include] ==> [/usr/local/include]
  collapse include dir [/opt/inst/gcc-7.4/include] ==> [/opt/inst/gcc-7.4/include]
  collapse include dir [/opt/inst/gcc-7.4/lib/gcc/x86_64-linux-gnu/7.4.0/include-fixed] ==> [/opt/inst/gcc-7.4/lib/gcc/x86_64-linux-gnu/7.4.0/include-fixed]
  collapse include dir [/usr/include/x86_64-linux-gnu] ==> [/usr/include/x86_64-linux-gnu]
  collapse include dir [/usr/include] ==> [/usr/include]
  implicit include dirs: [/opt/inst/gcc-7.4/include/c++/7.4.0;/opt/inst/gcc-7.4/include/c++/7.4.0/x86_64-linux-gnu;/opt/inst/gcc-7.4/include/c++/7.4.0/backward;/opt/inst/gcc-7.4/lib/gcc/x86_64-linux-gnu/7.4.0/include;/usr/local/include;/opt/inst/gcc-7.4/include;/opt/inst/gcc-7.4/lib/gcc/x86_64-linux-gnu/7.4.0/include-fixed;/usr/include/x86_64-linux-gnu;/usr/include]


Parsed CXX implicit link information from above output:
  link line regex: [^( *|.*[/\])(ld|CMAKE_LINK_STARTFILE-NOTFOUND|([^/\]+-)?ld|collect2)[^/\]*( |$)]
  ignore line: [Change Dir: /home/michaldunda/Projects/ownProjects/C++/firstPattern/build/CMakeFiles/CMakeTmp]
  ignore line: []
  ignore line: [Run Build Command(s):/usr/bin/make cmTC_27e27/fast && /usr/bin/make  -f CMakeFiles/cmTC_27e27.dir/build.make CMakeFiles/cmTC_27e27.dir/build]
  ignore line: [make[1]: Entering directory '/home/michaldunda/Projects/ownProjects/C++/firstPattern/build/CMakeFiles/CMakeTmp']
  ignore line: [Building CXX object CMakeFiles/cmTC_27e27.dir/CMakeCXXCompilerABI.cpp.o]
  ignore line: [/usr/lib/ccache/g++    -v -o CMakeFiles/cmTC_27e27.dir/CMakeCXXCompilerABI.cpp.o -c /usr/local/lib/python3.6/dist-packages/cmake/data/share/cmake-3.16/Modules/CMakeCXXCompilerABI.cpp]
  ignore line: [Using built-in specs.]
  ignore line: [COLLECT_GCC=/usr/bin/g++]
  ignore line: [Target: x86_64-linux-gnu]
  ignore line: [Configured with: ./configure -v --build=x86_64-linux-gnu --host=x86_64-linux-gnu --target=x86_64-linux-gnu --prefix=/opt/inst/gcc-7.4 --enable-checking=release --enable-languages=c c++ --disable-multilib --program-suffix=-7.4]
  ignore line: [Thread model: posix]
  ignore line: [gcc version 7.4.0 (GCC) ]
  ignore line: [COLLECT_GCC_OPTIONS='-v' '-E' '-shared-libgcc' '-mtune=generic' '-march=x86-64']
  ignore line: [ /opt/inst/gcc-7.4/libexec/gcc/x86_64-linux-gnu/7.4.0/cc1plus -E -quiet -v -imultiarch x86_64-linux-gnu -D_GNU_SOURCE /usr/local/lib/python3.6/dist-packages/cmake/data/share/cmake-3.16/Modules/CMakeCXXCompilerABI.cpp -mtune=generic -march=x86-64]
  ignore line: [ignoring nonexistent directory "/usr/local/include/x86_64-linux-gnu"]
  ignore line: [ignoring nonexistent directory "/opt/inst/gcc-7.4/lib/gcc/x86_64-linux-gnu/7.4.0/../../../../x86_64-linux-gnu/include"]
  ignore line: [#include "..." search starts here:]
  ignore line: [#include <...> search starts here:]
  ignore line: [ /opt/inst/gcc-7.4/lib/gcc/x86_64-linux-gnu/7.4.0/../../../../include/c++/7.4.0]
  ignore line: [ /opt/inst/gcc-7.4/lib/gcc/x86_64-linux-gnu/7.4.0/../../../../include/c++/7.4.0/x86_64-linux-gnu]
  ignore line: [ /opt/inst/gcc-7.4/lib/gcc/x86_64-linux-gnu/7.4.0/../../../../include/c++/7.4.0/backward]
  ignore line: [ /opt/inst/gcc-7.4/lib/gcc/x86_64-linux-gnu/7.4.0/include]
  ignore line: [ /usr/local/include]
  ignore line: [ /opt/inst/gcc-7.4/include]
  ignore line: [ /opt/inst/gcc-7.4/lib/gcc/x86_64-linux-gnu/7.4.0/include-fixed]
  ignore line: [ /usr/include/x86_64-linux-gnu]
  ignore line: [ /usr/include]
  ignore line: [End of search list.]
  ignore line: [COMPILER_PATH=/opt/inst/gcc-7.4/libexec/gcc/x86_64-linux-gnu/7.4.0/:/opt/inst/gcc-7.4/libexec/gcc/x86_64-linux-gnu/7.4.0/:/opt/inst/gcc-7.4/libexec/gcc/x86_64-linux-gnu/:/opt/inst/gcc-7.4/lib/gcc/x86_64-linux-gnu/7.4.0/:/opt/inst/gcc-7.4/lib/gcc/x86_64-linux-gnu/]
  ignore line: [LIBRARY_PATH=/opt/inst/gcc-7.4/lib/gcc/x86_64-linux-gnu/7.4.0/:/opt/inst/gcc-7.4/lib/gcc/x86_64-linux-gnu/7.4.0/../../../../lib64/:/lib/x86_64-linux-gnu/:/lib/../lib64/:/usr/lib/x86_64-linux-gnu/:/opt/inst/gcc-7.4/lib/gcc/x86_64-linux-gnu/7.4.0/../../../:/lib/:/usr/lib/]
  ignore line: [COLLECT_GCC_OPTIONS='-v' '-E' '-shared-libgcc' '-mtune=generic' '-march=x86-64']
  ignore line: [Using built-in specs.]
  ignore line: [COLLECT_GCC=/usr/bin/g++]
  ignore line: [Target: x86_64-linux-gnu]
  ignore line: [Configured with: ./configure -v --build=x86_64-linux-gnu --host=x86_64-linux-gnu --target=x86_64-linux-gnu --prefix=/opt/inst/gcc-7.4 --enable-checking=release --enable-languages=c c++ --disable-multilib --program-suffix=-7.4]
  ignore line: [Thread model: posix]
  ignore line: [gcc version 7.4.0 (GCC) ]
  ignore line: [COLLECT_GCC_OPTIONS='-v' '-c' '-o' 'CMakeFiles/cmTC_4baf0.dir/CMakeCXXCompilerABI.cpp.o' '-shared-libgcc' '-mtune=generic' '-march=x86-64']
  ignore line: [ /opt/inst/gcc-7.4/libexec/gcc/x86_64-linux-gnu/7.4.0/cc1plus -quiet -v -imultiarch x86_64-linux-gnu -D_GNU_SOURCE /usr/local/lib/python3.6/dist-packages/cmake/data/share/cmake-3.16/Modules/CMakeCXXCompilerABI.cpp -quiet -dumpbase CMakeCXXCompilerABI.cpp -mtune=generic -march=x86-64 -auxbase-strip CMakeFiles/cmTC_4baf0.dir/CMakeCXXCompilerABI.cpp.o -version -o /tmp/ccF1oo8V.s]
  ignore line: [GNU C++14 (GCC) version 7.4.0 (x86_64-linux-gnu)]
  ignore line: [	compiled by GNU C version 7.4.0  GMP version 6.1.0  MPFR version 3.1.4  MPC version 1.0.3  isl version isl-0.16.1-GMP]
  ignore line: []
  ignore line: [GGC heuristics: --param ggc-min-expand=100 --param ggc-min-heapsize=131072]
  ignore line: [ignoring nonexistent directory "/usr/local/include/x86_64-linux-gnu"]
  ignore line: [ignoring nonexistent directory "/opt/inst/gcc-7.4/lib/gcc/x86_64-linux-gnu/7.4.0/../../../../x86_64-linux-gnu/include"]
  ignore line: [#include "..." search starts here:]
  ignore line: [#include <...> search starts here:]
  ignore line: [ /opt/inst/gcc-7.4/lib/gcc/x86_64-linux-gnu/7.4.0/../../../../include/c++/7.4.0]
  ignore line: [ /opt/inst/gcc-7.4/lib/gcc/x86_64-linux-gnu/7.4.0/../../../../include/c++/7.4.0/x86_64-linux-gnu]
  ignore line: [ /opt/inst/gcc-7.4/lib/gcc/x86_64-linux-gnu/7.4.0/../../../../include/c++/7.4.0/backward]
  ignore line: [ /opt/inst/gcc-7.4/lib/gcc/x86_64-linux-gnu/7.4.0/include]
  ignore line: [ /usr/local/include]
  ignore line: [ /opt/inst/gcc-7.4/include]
  ignore line: [ /opt/inst/gcc-7.4/lib/gcc/x86_64-linux-gnu/7.4.0/include-fixed]
  ignore line: [ /usr/include/x86_64-linux-gnu]
  ignore line: [ /usr/include]
  ignore line: [End of search list.]
  ignore line: [GNU C++14 (GCC) version 7.4.0 (x86_64-linux-gnu)]
  ignore line: [	compiled by GNU C version 7.4.0  GMP version 6.1.0  MPFR version 3.1.4  MPC version 1.0.3  isl version isl-0.16.1-GMP]
  ignore line: []
  ignore line: [GGC heuristics: --param ggc-min-expand=100 --param ggc-min-heapsize=131072]
  ignore line: [Compiler executable checksum: 6bbf73d3036d508657608bef2562bb1c]
  ignore line: [COLLECT_GCC_OPTIONS='-v' '-c' '-o' 'CMakeFiles/cmTC_4baf0.dir/CMakeCXXCompilerABI.cpp.o' '-shared-libgcc' '-mtune=generic' '-march=x86-64']
  ignore line: [ as -v --64 -o CMakeFiles/cmTC_4baf0.dir/CMakeCXXCompilerABI.cpp.o /tmp/ccF1oo8V.s]
  ignore line: [GNU assembler version 2.30 (x86_64-linux-gnu) using BFD version (GNU Binutils for Ubuntu) 2.30]
  ignore line: [COMPILER_PATH=/opt/inst/gcc-7.4/libexec/gcc/x86_64-linux-gnu/7.4.0/:/opt/inst/gcc-7.4/libexec/gcc/x86_64-linux-gnu/7.4.0/:/opt/inst/gcc-7.4/libexec/gcc/x86_64-linux-gnu/:/opt/inst/gcc-7.4/lib/gcc/x86_64-linux-gnu/7.4.0/:/opt/inst/gcc-7.4/lib/gcc/x86_64-linux-gnu/]
  ignore line: [LIBRARY_PATH=/opt/inst/gcc-7.4/lib/gcc/x86_64-linux-gnu/7.4.0/:/opt/inst/gcc-7.4/lib/gcc/x86_64-linux-gnu/7.4.0/../../../../lib64/:/lib/x86_64-linux-gnu/:/lib/../lib64/:/usr/lib/x86_64-linux-gnu/:/opt/inst/gcc-7.4/lib/gcc/x86_64-linux-gnu/7.4.0/../../../:/lib/:/usr/lib/]
  ignore line: [COLLECT_GCC_OPTIONS='-v' '-c' '-o' 'CMakeFiles/cmTC_4baf0.dir/CMakeCXXCompilerABI.cpp.o' '-shared-libgcc' '-mtune=generic' '-march=x86-64']
  ignore line: [Linking CXX executable cmTC_27e27]
  ignore line: [/usr/local/lib/python3.6/dist-packages/cmake/data/bin/cmake -E cmake_link_script CMakeFiles/cmTC_27e27.dir/link.txt --verbose=1]
  ignore line: [/usr/lib/ccache/g++      -v CMakeFiles/cmTC_27e27.dir/CMakeCXXCompilerABI.cpp.o  -o cmTC_27e27 ]
  ignore line: [Using built-in specs.]
  ignore line: [COLLECT_GCC=/usr/bin/g++]
  ignore line: [COLLECT_LTO_WRAPPER=/opt/inst/gcc-7.4/libexec/gcc/x86_64-linux-gnu/7.4.0/lto-wrapper]
  ignore line: [Target: x86_64-linux-gnu]
  ignore line: [Configured with: ./configure -v --build=x86_64-linux-gnu --host=x86_64-linux-gnu --target=x86_64-linux-gnu --prefix=/opt/inst/gcc-7.4 --enable-checking=release --enable-languages=c c++ --disable-multilib --program-suffix=-7.4]
  ignore line: [Thread model: posix]
  ignore line: [gcc version 7.4.0 (GCC) ]
  ignore line: [COMPILER_PATH=/opt/inst/gcc-7.4/libexec/gcc/x86_64-linux-gnu/7.4.0/:/opt/inst/gcc-7.4/libexec/gcc/x86_64-linux-gnu/7.4.0/:/opt/inst/gcc-7.4/libexec/gcc/x86_64-linux-gnu/:/opt/inst/gcc-7.4/lib/gcc/x86_64-linux-gnu/7.4.0/:/opt/inst/gcc-7.4/lib/gcc/x86_64-linux-gnu/]
  ignore line: [LIBRARY_PATH=/opt/inst/gcc-7.4/lib/gcc/x86_64-linux-gnu/7.4.0/:/opt/inst/gcc-7.4/lib/gcc/x86_64-linux-gnu/7.4.0/../../../../lib64/:/lib/x86_64-linux-gnu/:/lib/../lib64/:/usr/lib/x86_64-linux-gnu/:/opt/inst/gcc-7.4/lib/gcc/x86_64-linux-gnu/7.4.0/../../../:/lib/:/usr/lib/]
  ignore line: [COLLECT_GCC_OPTIONS='-v' '-o' 'cmTC_27e27' '-shared-libgcc' '-mtune=generic' '-march=x86-64']
  link line: [ /opt/inst/gcc-7.4/libexec/gcc/x86_64-linux-gnu/7.4.0/collect2 -plugin /opt/inst/gcc-7.4/libexec/gcc/x86_64-linux-gnu/7.4.0/liblto_plugin.so -plugin-opt=/opt/inst/gcc-7.4/libexec/gcc/x86_64-linux-gnu/7.4.0/lto-wrapper -plugin-opt=-fresolution=/tmp/ccYzIdSr.res -plugin-opt=-pass-through=-lgcc_s -plugin-opt=-pass-through=-lgcc -plugin-opt=-pass-through=-lc -plugin-opt=-pass-through=-lgcc_s -plugin-opt=-pass-through=-lgcc --eh-frame-hdr -m elf_x86_64 -dynamic-linker /lib64/ld-linux-x86-64.so.2 -o cmTC_27e27 /usr/lib/x86_64-linux-gnu/crt1.o /usr/lib/x86_64-linux-gnu/crti.o /opt/inst/gcc-7.4/lib/gcc/x86_64-linux-gnu/7.4.0/crtbegin.o -L/opt/inst/gcc-7.4/lib/gcc/x86_64-linux-gnu/7.4.0 -L/opt/inst/gcc-7.4/lib/gcc/x86_64-linux-gnu/7.4.0/../../../../lib64 -L/lib/x86_64-linux-gnu -L/lib/../lib64 -L/usr/lib/x86_64-linux-gnu -L/opt/inst/gcc-7.4/lib/gcc/x86_64-linux-gnu/7.4.0/../../.. CMakeFiles/cmTC_27e27.dir/CMakeCXXCompilerABI.cpp.o -lstdc++ -lm -lgcc_s -lgcc -lc -lgcc_s -lgcc /opt/inst/gcc-7.4/lib/gcc/x86_64-linux-gnu/7.4.0/crtend.o /usr/lib/x86_64-linux-gnu/crtn.o]
    arg [/opt/inst/gcc-7.4/libexec/gcc/x86_64-linux-gnu/7.4.0/collect2] ==> ignore
    arg [-plugin] ==> ignore
    arg [/opt/inst/gcc-7.4/libexec/gcc/x86_64-linux-gnu/7.4.0/liblto_plugin.so] ==> ignore
    arg [-plugin-opt=/opt/inst/gcc-7.4/libexec/gcc/x86_64-linux-gnu/7.4.0/lto-wrapper] ==> ignore
    arg [-plugin-opt=-fresolution=/tmp/ccYzIdSr.res] ==> ignore
    arg [-plugin-opt=-pass-through=-lgcc_s] ==> ignore
    arg [-plugin-opt=-pass-through=-lgcc] ==> ignore
    arg [-plugin-opt=-pass-through=-lc] ==> ignore
    arg [-plugin-opt=-pass-through=-lgcc_s] ==> ignore
    arg [-plugin-opt=-pass-through=-lgcc] ==> ignore
    arg [--eh-frame-hdr] ==> ignore
    arg [-m] ==> ignore
    arg [elf_x86_64] ==> ignore
    arg [-dynamic-linker] ==> ignore
    arg [/lib64/ld-linux-x86-64.so.2] ==> ignore
    arg [-o] ==> ignore
    arg [cmTC_27e27] ==> ignore
    arg [/usr/lib/x86_64-linux-gnu/crt1.o] ==> ignore
    arg [/usr/lib/x86_64-linux-gnu/crti.o] ==> ignore
    arg [/opt/inst/gcc-7.4/lib/gcc/x86_64-linux-gnu/7.4.0/crtbegin.o] ==> ignore
    arg [-L/opt/inst/gcc-7.4/lib/gcc/x86_64-linux-gnu/7.4.0] ==> dir [/opt/inst/gcc-7.4/lib/gcc/x86_64-linux-gnu/7.4.0]
    arg [-L/opt/inst/gcc-7.4/lib/gcc/x86_64-linux-gnu/7.4.0/../../../../lib64] ==> dir [/opt/inst/gcc-7.4/lib/gcc/x86_64-linux-gnu/7.4.0/../../../../lib64]
    arg [-L/lib/x86_64-linux-gnu] ==> dir [/lib/x86_64-linux-gnu]
    arg [-L/lib/../lib64] ==> dir [/lib/../lib64]
    arg [-L/usr/lib/x86_64-linux-gnu] ==> dir [/usr/lib/x86_64-linux-gnu]
    arg [-L/opt/inst/gcc-7.4/lib/gcc/x86_64-linux-gnu/7.4.0/../../..] ==> dir [/opt/inst/gcc-7.4/lib/gcc/x86_64-linux-gnu/7.4.0/../../..]
    arg [CMakeFiles/cmTC_27e27.dir/CMakeCXXCompilerABI.cpp.o] ==> ignore
    arg [-lstdc++] ==> lib [stdc++]
    arg [-lm] ==> lib [m]
    arg [-lgcc_s] ==> lib [gcc_s]
    arg [-lgcc] ==> lib [gcc]
    arg [-lc] ==> lib [c]
    arg [-lgcc_s] ==> lib [gcc_s]
    arg [-lgcc] ==> lib [gcc]
    arg [/opt/inst/gcc-7.4/lib/gcc/x86_64-linux-gnu/7.4.0/crtend.o] ==> ignore
    arg [/usr/lib/x86_64-linux-gnu/crtn.o] ==> ignore
  collapse library dir [/opt/inst/gcc-7.4/lib/gcc/x86_64-linux-gnu/7.4.0] ==> [/opt/inst/gcc-7.4/lib/gcc/x86_64-linux-gnu/7.4.0]
  collapse library dir [/opt/inst/gcc-7.4/lib/gcc/x86_64-linux-gnu/7.4.0/../../../../lib64] ==> [/opt/inst/gcc-7.4/lib64]
  collapse library dir [/lib/x86_64-linux-gnu] ==> [/lib/x86_64-linux-gnu]
  collapse library dir [/lib/../lib64] ==> [/lib64]
  collapse library dir [/usr/lib/x86_64-linux-gnu] ==> [/usr/lib/x86_64-linux-gnu]
  collapse library dir [/opt/inst/gcc-7.4/lib/gcc/x86_64-linux-gnu/7.4.0/../../..] ==> [/opt/inst/gcc-7.4/lib]
  implicit libs: [stdc++;m;gcc_s;gcc;c;gcc_s;gcc]
  implicit dirs: [/opt/inst/gcc-7.4/lib/gcc/x86_64-linux-gnu/7.4.0;/opt/inst/gcc-7.4/lib64;/lib/x86_64-linux-gnu;/lib64;/usr/lib/x86_64-linux-gnu;/opt/inst/gcc-7.4/lib]
  implicit fwks: []


Determining if the include file pthread.h exists passed with the following output:
Change Dir: /home/michaldunda/Projects/ownProjects/C++/firstPattern/build/CMakeFiles/CMakeTmp

Run Build Command(s):/usr/bin/make cmTC_a1bb3/fast && /usr/bin/make  -f CMakeFiles/cmTC_a1bb3.dir/build.make CMakeFiles/cmTC_a1bb3.dir/build
make[1]: Entering directory '/home/michaldunda/Projects/ownProjects/C++/firstPattern/build/CMakeFiles/CMakeTmp'
Building CXX object CMakeFiles/cmTC_a1bb3.dir/CheckIncludeFile.cxx.o
/usr/lib/ccache/g++     -o CMakeFiles/cmTC_a1bb3.dir/CheckIncludeFile.cxx.o -c /home/michaldunda/Projects/ownProjects/C++/firstPattern/build/CMakeFiles/CMakeTmp/CheckIncludeFile.cxx
Linking CXX executable cmTC_a1bb3
/usr/local/lib/python3.6/dist-packages/cmake/data/bin/cmake -E cmake_link_script CMakeFiles/cmTC_a1bb3.dir/link.txt --verbose=1
/usr/lib/ccache/g++       CMakeFiles/cmTC_a1bb3.dir/CheckIncludeFile.cxx.o  -o cmTC_a1bb3 
make[1]: Leaving directory '/home/michaldunda/Projects/ownProjects/C++/firstPattern/build/CMakeFiles/CMakeTmp'



Determining if the function pthread_create exists in the pthread passed with the following output:
Change Dir: /home/michaldunda/Projects/ownProjects/C++/firstPattern/build/CMakeFiles/CMakeTmp

Run Build Command(s):/usr/bin/make cmTC_ed050/fast && /usr/bin/make  -f CMakeFiles/cmTC_ed050.dir/build.make CMakeFiles/cmTC_ed050.dir/build
make[1]: Entering directory '/home/michaldunda/Projects/ownProjects/C++/firstPattern/build/CMakeFiles/CMakeTmp'
Building CXX object CMakeFiles/cmTC_ed050.dir/CheckFunctionExists.cxx.o
/usr/lib/ccache/g++    -DCHECK_FUNCTION_EXISTS=pthread_create   -o CMakeFiles/cmTC_ed050.dir/CheckFunctionExists.cxx.o -c /home/michaldunda/Projects/ownProjects/C++/firstPattern/build/CMakeFiles/CheckLibraryExists/CheckFunctionExists.cxx
Linking CXX executable cmTC_ed050
/usr/local/lib/python3.6/dist-packages/cmake/data/bin/cmake -E cmake_link_script CMakeFiles/cmTC_ed050.dir/link.txt --verbose=1
/usr/lib/ccache/g++   -DCHECK_FUNCTION_EXISTS=pthread_create    CMakeFiles/cmTC_ed050.dir/CheckFunctionExists.cxx.o  -o cmTC_ed050  -lpthread 
make[1]: Leaving directory '/home/michaldunda/Projects/ownProjects/C++/firstPattern/build/CMakeFiles/CMakeTmp'



